Info 0    [16:21:58.226] Starting TS Server
Info 1    [16:21:58.227] Version: 4.5.5
Info 2    [16:21:58.227] Arguments: /home/benjamin/.nvm/versions/node/v14.19.0/bin/node /home/benjamin/.dot-files/emacs/.emacs.d/.cache/lsp/npm/typescript/lib/node_modules/typescript/lib/tsserver.js --logFile /home/benjamin/exercism/javascript/hello-world/.log/tsserver.log --logVerbosity info --cancellationPipeName /tmp/24d4582537a1f177616a008616e96565/tscancellation*
Info 3    [16:21:58.227] Platform: linux NodeVersion: 14 CaseSensitive: true
Info 4    [16:21:58.227] ServerMode: undefined syntaxOnly: false hasUnknownServerMode: undefined
Info 5    [16:21:58.241] Format host information updated
Info 6    [16:21:58.289] Search path: /home/benjamin/exercism/javascript/hello-world
Info 7    [16:21:58.290] For info: /home/benjamin/exercism/javascript/hello-world/hello-world.js :: No config files found.
Info 8    [16:21:58.298] Starting updateGraphWorker: Project: /dev/null/inferredProject1*
Info 9    [16:21:59.397] Finishing updateGraphWorker: Project: /dev/null/inferredProject1* Version: 1 structureChanged: true structureIsReused:: Not Elapsed: 1098.3872389793396ms
Info 10   [16:21:59.397] Project '/dev/null/inferredProject1*' (Inferred)
Info 11   [16:21:59.397] 	Files (19)

Info 12   [16:21:59.397] -----------------------------------------------
Info 13   [16:22:03.417] Starting updateGraphWorker: Project: /dev/null/inferredProject1*
Info 14   [16:22:03.425] Finishing updateGraphWorker: Project: /dev/null/inferredProject1* Version: 2 structureChanged: false structureIsReused:: Completely Elapsed: 7.767809987068176ms
Info 15   [16:22:03.425] Different program with same set of files
Info 16   [16:22:04.477] Starting updateGraphWorker: Project: /dev/null/inferredProject1*
Info 17   [16:22:04.484] Finishing updateGraphWorker: Project: /dev/null/inferredProject1* Version: 3 structureChanged: false structureIsReused:: Completely Elapsed: 7.437757968902588ms
Info 18   [16:22:04.484] Different program with same set of files
Info 19   [16:22:04.752] Starting updateGraphWorker: Project: /dev/null/inferredProject1*
Info 20   [16:22:04.760] Finishing updateGraphWorker: Project: /dev/null/inferredProject1* Version: 4 structureChanged: false structureIsReused:: Completely Elapsed: 7.841113090515137ms
Info 21   [16:22:04.760] Different program with same set of files
Info 22   [16:22:05.118] Starting updateGraphWorker: Project: /dev/null/inferredProject1*
Info 23   [16:22:05.127] Finishing updateGraphWorker: Project: /dev/null/inferredProject1* Version: 5 structureChanged: false structureIsReused:: Completely Elapsed: 8.731824040412903ms
Info 24   [16:22:05.127] Different program with same set of files
Info 25   [16:22:05.133] Starting updateGraphWorker: Project: /dev/null/inferredProject1*
Info 26   [16:22:05.141] Finishing updateGraphWorker: Project: /dev/null/inferredProject1* Version: 6 structureChanged: false structureIsReused:: Completely Elapsed: 7.795375943183899ms
Info 27   [16:22:05.141] Different program with same set of files
Info 28   [16:22:05.540] Starting updateGraphWorker: Project: /dev/null/inferredProject1*
Info 29   [16:22:05.543] Finishing updateGraphWorker: Project: /dev/null/inferredProject1* Version: 7 structureChanged: false structureIsReused:: Completely Elapsed: 2.566009044647217ms
Info 30   [16:22:05.543] Different program with same set of files
Info 31   [16:22:06.312] Starting updateGraphWorker: Project: /dev/null/inferredProject1*
Info 32   [16:22:06.839] Finishing updateGraphWorker: Project: /dev/null/inferredProject1* Version: 8 structureChanged: true structureIsReused:: Not Elapsed: 527.1358890533447ms
Info 33   [16:22:06.839] Project '/dev/null/inferredProject1*' (Inferred)
Info 34   [16:22:06.839] 	Files (32)

Info 35   [16:22:06.839] -----------------------------------------------
Info 36   [16:22:06.842] Starting updateGraphWorker: Project: /dev/null/inferredProject1*
Info 37   [16:22:06.845] Finishing updateGraphWorker: Project: /dev/null/inferredProject1* Version: 9 structureChanged: false structureIsReused:: Completely Elapsed: 2.834493041038513ms
Info 38   [16:22:06.845] Different program with same set of files
Info 39   [16:22:07.564] Starting updateGraphWorker: Project: /dev/null/inferredProject1*
Info 40   [16:22:07.579] Finishing updateGraphWorker: Project: /dev/null/inferredProject1* Version: 10 structureChanged: false structureIsReused:: Completely Elapsed: 15.16015899181366ms
Info 41   [16:22:07.579] Different program with same set of files
Info 42   [16:22:07.584] Starting updateGraphWorker: Project: /dev/null/inferredProject1*
Info 43   [16:22:07.589] Finishing updateGraphWorker: Project: /dev/null/inferredProject1* Version: 11 structureChanged: false structureIsReused:: Completely Elapsed: 4.660694003105164ms
Info 44   [16:22:07.589] Different program with same set of files
Info 45   [16:22:08.562] Before ensureProjectForOpenFiles:
Info 46   [16:22:08.563] After ensureProjectForOpenFiles:
Info 47   [16:22:08.563] got projects updated in background, updating diagnostics for /home/benjamin/exercism/javascript/hello-world/hello-world.js
Info 48   [16:22:08.785] Starting updateGraphWorker: Project: /dev/null/inferredProject1*
Info 49   [16:22:08.792] Finishing updateGraphWorker: Project: /dev/null/inferredProject1* Version: 12 structureChanged: false structureIsReused:: Completely Elapsed: 6.979809999465942ms
Info 50   [16:22:08.792] Different program with same set of files
Info 51   [16:23:58.745] DirectoryWatcher:: Triggered with /home/benjamin/exercism/javascript/hello-world/node_modules/@types :: WatchInfo: /home/benjamin/exercism/javascript/hello-world/node_modules/@types 1 undefined Project: /dev/null/inferredProject1* WatchType: Type roots
Info 52   [16:23:58.746] Elapsed:: 0.5429619550704956ms DirectoryWatcher:: Triggered with /home/benjamin/exercism/javascript/hello-world/node_modules/@types :: WatchInfo: /home/benjamin/exercism/javascript/hello-world/node_modules/@types 1 undefined Project: /dev/null/inferredProject1* WatchType: Type roots
Info 53   [16:23:58.996] Starting updateGraphWorker: Project: /dev/null/inferredProject1*
Info 54   [16:24:01.562] Finishing updateGraphWorker: Project: /dev/null/inferredProject1* Version: 13 structureChanged: true structureIsReused:: SafeModules Elapsed: 2566.0264209508896ms
Info 55   [16:24:01.562] Project '/dev/null/inferredProject1*' (Inferred)
Info 56   [16:24:01.563] 	Files (177)

Info 57   [16:24:01.563] -----------------------------------------------
Info 58   [16:24:01.569] Before ensureProjectForOpenFiles:
Info 59   [16:24:01.569] After ensureProjectForOpenFiles:
Info 60   [16:24:01.570] got projects updated in background, updating diagnostics for /home/benjamin/exercism/javascript/hello-world/hello-world.js
Info 61   [16:24:02.143] Starting updateGraphWorker: Project: /dev/null/inferredProject1*
Info 62   [16:24:02.548] Finishing updateGraphWorker: Project: /dev/null/inferredProject1* Version: 14 structureChanged: true structureIsReused:: Not Elapsed: 405.0408799648285ms
Info 63   [16:24:02.548] Project '/dev/null/inferredProject1*' (Inferred)
Info 64   [16:24:02.548] 	Files (253)

Info 65   [16:24:02.548] -----------------------------------------------
Info 66   [16:24:02.570] DirectoryWatcher:: Triggered with /home/benjamin/exercism/javascript/hello-world/node_modules/@types/yargs/package.json.3611249859 0:: WatchInfo: /home/benjamin/exercism/javascript/hello-world/node_modules/@types 1 undefined Project: /dev/null/inferredProject1* WatchType: Type roots
Info 67   [16:24:02.570] Elapsed:: 0.1033099889755249ms DirectoryWatcher:: Triggered with /home/benjamin/exercism/javascript/hello-world/node_modules/@types/yargs/package.json.3611249859 0:: WatchInfo: /home/benjamin/exercism/javascript/hello-world/node_modules/@types 1 undefined Project: /dev/null/inferredProject1* WatchType: Type roots
Info 68   [16:24:02.570] DirectoryWatcher:: Triggered with /home/benjamin/exercism/javascript/hello-world/node_modules/@types/yargs/package.json.3611249859 1:: WatchInfo: /home/benjamin/exercism/javascript/hello-world/node_modules/@types 1 undefined Project: /dev/null/inferredProject1* WatchType: Type roots
Info 69   [16:24:02.570] Elapsed:: 0.06397604942321777ms DirectoryWatcher:: Triggered with /home/benjamin/exercism/javascript/hello-world/node_modules/@types/yargs/package.json.3611249859 1:: WatchInfo: /home/benjamin/exercism/javascript/hello-world/node_modules/@types 1 undefined Project: /dev/null/inferredProject1* WatchType: Type roots
Info 70   [16:24:02.570] DirectoryWatcher:: Triggered with /home/benjamin/exercism/javascript/hello-world/node_modules/@types/yargs/package.json 2:: WatchInfo: /home/benjamin/exercism/javascript/hello-world/node_modules/@types 1 undefined Project: /dev/null/inferredProject1* WatchType: Type roots
Info 71   [16:24:02.570] Elapsed:: 0.21961700916290283ms DirectoryWatcher:: Triggered with /home/benjamin/exercism/javascript/hello-world/node_modules/@types/yargs/package.json 2:: WatchInfo: /home/benjamin/exercism/javascript/hello-world/node_modules/@types 1 undefined Project: /dev/null/inferredProject1* WatchType: Type roots
Info 72   [16:24:02.570] DirectoryWatcher:: Triggered with /home/benjamin/exercism/javascript/hello-world/node_modules/@types/yargs-parser/package.json.1486099270 3:: WatchInfo: /home/benjamin/exercism/javascript/hello-world/node_modules/@types 1 undefined Project: /dev/null/inferredProject1* WatchType: Type roots
Info 73   [16:24:02.570] Elapsed:: 0.04337501525878906ms DirectoryWatcher:: Triggered with /home/benjamin/exercism/javascript/hello-world/node_modules/@types/yargs-parser/package.json.1486099270 3:: WatchInfo: /home/benjamin/exercism/javascript/hello-world/node_modules/@types 1 undefined Project: /dev/null/inferredProject1* WatchType: Type roots
Info 74   [16:24:02.570] DirectoryWatcher:: Triggered with /home/benjamin/exercism/javascript/hello-world/node_modules/@types/yargs-parser/package.json.1486099270 4:: WatchInfo: /home/benjamin/exercism/javascript/hello-world/node_modules/@types 1 undefined Project: /dev/null/inferredProject1* WatchType: Type roots
Info 75   [16:24:02.570] Elapsed:: 0.039808034896850586ms DirectoryWatcher:: Triggered with /home/benjamin/exercism/javascript/hello-world/node_modules/@types/yargs-parser/package.json.1486099270 4:: WatchInfo: /home/benjamin/exercism/javascript/hello-world/node_modules/@types 1 undefined Project: /dev/null/inferredProject1* WatchType: Type roots
Info 76   [16:24:02.570] DirectoryWatcher:: Triggered with /home/benjamin/exercism/javascript/hello-world/node_modules/@types/yargs-parser/package.json 5:: WatchInfo: /home/benjamin/exercism/javascript/hello-world/node_modules/@types 1 undefined Project: /dev/null/inferredProject1* WatchType: Type roots
Info 77   [16:24:02.571] Elapsed:: 0.06600296497344971ms DirectoryWatcher:: Triggered with /home/benjamin/exercism/javascript/hello-world/node_modules/@types/yargs-parser/package.json 5:: WatchInfo: /home/benjamin/exercism/javascript/hello-world/node_modules/@types 1 undefined Project: /dev/null/inferredProject1* WatchType: Type roots
Info 78   [16:24:02.571] DirectoryWatcher:: Triggered with /home/benjamin/exercism/javascript/hello-world/node_modules/@types/stack-utils/package.json.4215377723 6:: WatchInfo: /home/benjamin/exercism/javascript/hello-world/node_modules/@types 1 undefined Project: /dev/null/inferredProject1* WatchType: Type roots
Info 79   [16:24:02.571] Elapsed:: 0.0447460412979126ms DirectoryWatcher:: Triggered with /home/benjamin/exercism/javascript/hello-world/node_modules/@types/stack-utils/package.json.4215377723 6:: WatchInfo: /home/benjamin/exercism/javascript/hello-world/node_modules/@types 1 undefined Project: /dev/null/inferredProject1* WatchType: Type roots
Info 80   [16:24:02.571] DirectoryWatcher:: Triggered with /home/benjamin/exercism/javascript/hello-world/node_modules/@types/stack-utils/package.json.4215377723 7:: WatchInfo: /home/benjamin/exercism/javascript/hello-world/node_modules/@types 1 undefined Project: /dev/null/inferredProject1* WatchType: Type roots
Info 81   [16:24:02.571] Elapsed:: 0.04443502426147461ms DirectoryWatcher:: Triggered with /home/benjamin/exercism/javascript/hello-world/node_modules/@types/stack-utils/package.json.4215377723 7:: WatchInfo: /home/benjamin/exercism/javascript/hello-world/node_modules/@types 1 undefined Project: /dev/null/inferredProject1* WatchType: Type roots
Info 82   [16:24:02.571] DirectoryWatcher:: Triggered with /home/benjamin/exercism/javascript/hello-world/node_modules/@types/stack-utils/package.json 8:: WatchInfo: /home/benjamin/exercism/javascript/hello-world/node_modules/@types 1 undefined Project: /dev/null/inferredProject1* WatchType: Type roots
Info 83   [16:24:02.571] Elapsed:: 0.0656200647354126ms DirectoryWatcher:: Triggered with /home/benjamin/exercism/javascript/hello-world/node_modules/@types/stack-utils/package.json 8:: WatchInfo: /home/benjamin/exercism/javascript/hello-world/node_modules/@types 1 undefined Project: /dev/null/inferredProject1* WatchType: Type roots
Info 84   [16:24:02.571] DirectoryWatcher:: Triggered with /home/benjamin/exercism/javascript/hello-world/node_modules/@types/prettier/package.json.451463919 9:: WatchInfo: /home/benjamin/exercism/javascript/hello-world/node_modules/@types 1 undefined Project: /dev/null/inferredProject1* WatchType: Type roots
Info 85   [16:24:02.571] Elapsed:: 0.038040995597839355ms DirectoryWatcher:: Triggered with /home/benjamin/exercism/javascript/hello-world/node_modules/@types/prettier/package.json.451463919 9:: WatchInfo: /home/benjamin/exercism/javascript/hello-world/node_modules/@types 1 undefined Project: /dev/null/inferredProject1* WatchType: Type roots
Info 86   [16:24:02.571] DirectoryWatcher:: Triggered with /home/benjamin/exercism/javascript/hello-world/node_modules/@types/prettier/package.json.451463919 10:: WatchInfo: /home/benjamin/exercism/javascript/hello-world/node_modules/@types 1 undefined Project: /dev/null/inferredProject1* WatchType: Type roots
Info 87   [16:24:02.571] Elapsed:: 0.03768801689147949ms DirectoryWatcher:: Triggered with /home/benjamin/exercism/javascript/hello-world/node_modules/@types/prettier/package.json.451463919 10:: WatchInfo: /home/benjamin/exercism/javascript/hello-world/node_modules/@types 1 undefined Project: /dev/null/inferredProject1* WatchType: Type roots
Info 88   [16:24:02.571] DirectoryWatcher:: Triggered with /home/benjamin/exercism/javascript/hello-world/node_modules/@types/prettier/package.json 11:: WatchInfo: /home/benjamin/exercism/javascript/hello-world/node_modules/@types 1 undefined Project: /dev/null/inferredProject1* WatchType: Type roots
Info 89   [16:24:02.571] Elapsed:: 0.05969798564910889ms DirectoryWatcher:: Triggered with /home/benjamin/exercism/javascript/hello-world/node_modules/@types/prettier/package.json 11:: WatchInfo: /home/benjamin/exercism/javascript/hello-world/node_modules/@types 1 undefined Project: /dev/null/inferredProject1* WatchType: Type roots
Info 90   [16:24:02.571] DirectoryWatcher:: Triggered with /home/benjamin/exercism/javascript/hello-world/node_modules/@types/graceful-fs/package.json.201973480 12:: WatchInfo: /home/benjamin/exercism/javascript/hello-world/node_modules/@types 1 undefined Project: /dev/null/inferredProject1* WatchType: Type roots
Info 91   [16:24:02.571] Elapsed:: 0.03756093978881836ms DirectoryWatcher:: Triggered with /home/benjamin/exercism/javascript/hello-world/node_modules/@types/graceful-fs/package.json.201973480 12:: WatchInfo: /home/benjamin/exercism/javascript/hello-world/node_modules/@types 1 undefined Project: /dev/null/inferredProject1* WatchType: Type roots
Info 92   [16:24:02.571] DirectoryWatcher:: Triggered with /home/benjamin/exercism/javascript/hello-world/node_modules/@types/graceful-fs/package.json.201973480 13:: WatchInfo: /home/benjamin/exercism/javascript/hello-world/node_modules/@types 1 undefined Project: /dev/null/inferredProject1* WatchType: Type roots
Info 93   [16:24:02.571] Elapsed:: 0.04598093032836914ms DirectoryWatcher:: Triggered with /home/benjamin/exercism/javascript/hello-world/node_modules/@types/graceful-fs/package.json.201973480 13:: WatchInfo: /home/benjamin/exercism/javascript/hello-world/node_modules/@types 1 undefined Project: /dev/null/inferredProject1* WatchType: Type roots
Info 94   [16:24:02.571] DirectoryWatcher:: Triggered with /home/benjamin/exercism/javascript/hello-world/node_modules/@types/graceful-fs/package.json 14:: WatchInfo: /home/benjamin/exercism/javascript/hello-world/node_modules/@types 1 undefined Project: /dev/null/inferredProject1* WatchType: Type roots
Info 95   [16:24:02.571] Elapsed:: 0.058904051780700684ms DirectoryWatcher:: Triggered with /home/benjamin/exercism/javascript/hello-world/node_modules/@types/graceful-fs/package.json 14:: WatchInfo: /home/benjamin/exercism/javascript/hello-world/node_modules/@types 1 undefined Project: /dev/null/inferredProject1* WatchType: Type roots
Info 96   [16:24:02.571] DirectoryWatcher:: Triggered with /home/benjamin/exercism/javascript/hello-world/node_modules/@types/node/package.json.1914015112 15:: WatchInfo: /home/benjamin/exercism/javascript/hello-world/node_modules/@types 1 undefined Project: /dev/null/inferredProject1* WatchType: Type roots
Info 97   [16:24:02.571] Elapsed:: 0.034983038902282715ms DirectoryWatcher:: Triggered with /home/benjamin/exercism/javascript/hello-world/node_modules/@types/node/package.json.1914015112 15:: WatchInfo: /home/benjamin/exercism/javascript/hello-world/node_modules/@types 1 undefined Project: /dev/null/inferredProject1* WatchType: Type roots
Info 98   [16:24:02.571] DirectoryWatcher:: Triggered with /home/benjamin/exercism/javascript/hello-world/node_modules/@types/node/package.json.1914015112 16:: WatchInfo: /home/benjamin/exercism/javascript/hello-world/node_modules/@types 1 undefined Project: /dev/null/inferredProject1* WatchType: Type roots
Info 99   [16:24:02.572] Elapsed:: 0.037319064140319824ms DirectoryWatcher:: Triggered with /home/benjamin/exercism/javascript/hello-world/node_modules/@types/node/package.json.1914015112 16:: WatchInfo: /home/benjamin/exercism/javascript/hello-world/node_modules/@types 1 undefined Project: /dev/null/inferredProject1* WatchType: Type roots
Info 100  [16:24:02.572] DirectoryWatcher:: Triggered with /home/benjamin/exercism/javascript/hello-world/node_modules/@types/node/package.json 17:: WatchInfo: /home/benjamin/exercism/javascript/hello-world/node_modules/@types 1 undefined Project: /dev/null/inferredProject1* WatchType: Type roots
Info 101  [16:24:02.572] Elapsed:: 0.05378091335296631ms DirectoryWatcher:: Triggered with /home/benjamin/exercism/javascript/hello-world/node_modules/@types/node/package.json 17:: WatchInfo: /home/benjamin/exercism/javascript/hello-world/node_modules/@types 1 undefined Project: /dev/null/inferredProject1* WatchType: Type roots
Info 102  [16:24:02.572] DirectoryWatcher:: Triggered with /home/benjamin/exercism/javascript/hello-world/node_modules/@types/json5/package.json.29557239 18:: WatchInfo: /home/benjamin/exercism/javascript/hello-world/node_modules/@types 1 undefined Project: /dev/null/inferredProject1* WatchType: Type roots
Info 103  [16:24:02.572] Elapsed:: 0.03888094425201416ms DirectoryWatcher:: Triggered with /home/benjamin/exercism/javascript/hello-world/node_modules/@types/json5/package.json.29557239 18:: WatchInfo: /home/benjamin/exercism/javascript/hello-world/node_modules/@types 1 undefined Project: /dev/null/inferredProject1* WatchType: Type roots
Info 104  [16:24:02.572] DirectoryWatcher:: Triggered with /home/benjamin/exercism/javascript/hello-world/node_modules/@types/json5/package.json.29557239 19:: WatchInfo: /home/benjamin/exercism/javascript/hello-world/node_modules/@types 1 undefined Project: /dev/null/inferredProject1* WatchType: Type roots
Info 105  [16:24:02.572] Elapsed:: 0.03474295139312744ms DirectoryWatcher:: Triggered with /home/benjamin/exercism/javascript/hello-world/node_modules/@types/json5/package.json.29557239 19:: WatchInfo: /home/benjamin/exercism/javascript/hello-world/node_modules/@types 1 undefined Project: /dev/null/inferredProject1* WatchType: Type roots
Info 106  [16:24:02.572] DirectoryWatcher:: Triggered with /home/benjamin/exercism/javascript/hello-world/node_modules/@types/json5/package.json 20:: WatchInfo: /home/benjamin/exercism/javascript/hello-world/node_modules/@types 1 undefined Project: /dev/null/inferredProject1* WatchType: Type roots
Info 107  [16:24:02.572] Elapsed:: 0.05496203899383545ms DirectoryWatcher:: Triggered with /home/benjamin/exercism/javascript/hello-world/node_modules/@types/json5/package.json 20:: WatchInfo: /home/benjamin/exercism/javascript/hello-world/node_modules/@types 1 undefined Project: /dev/null/inferredProject1* WatchType: Type roots
Info 108  [16:24:02.572] DirectoryWatcher:: Triggered with /home/benjamin/exercism/javascript/hello-world/node_modules/@types/istanbul-reports/package.json.2018380492 21:: WatchInfo: /home/benjamin/exercism/javascript/hello-world/node_modules/@types 1 undefined Project: /dev/null/inferredProject1* WatchType: Type roots
Info 109  [16:24:02.572] Elapsed:: 0.03870391845703125ms DirectoryWatcher:: Triggered with /home/benjamin/exercism/javascript/hello-world/node_modules/@types/istanbul-reports/package.json.2018380492 21:: WatchInfo: /home/benjamin/exercism/javascript/hello-world/node_modules/@types 1 undefined Project: /dev/null/inferredProject1* WatchType: Type roots
Info 110  [16:24:02.572] DirectoryWatcher:: Triggered with /home/benjamin/exercism/javascript/hello-world/node_modules/@types/istanbul-reports/package.json.2018380492 22:: WatchInfo: /home/benjamin/exercism/javascript/hello-world/node_modules/@types 1 undefined Project: /dev/null/inferredProject1* WatchType: Type roots
Info 111  [16:24:02.572] Elapsed:: 0.036431074142456055ms DirectoryWatcher:: Triggered with /home/benjamin/exercism/javascript/hello-world/node_modules/@types/istanbul-reports/package.json.2018380492 22:: WatchInfo: /home/benjamin/exercism/javascript/hello-world/node_modules/@types 1 undefined Project: /dev/null/inferredProject1* WatchType: Type roots
Info 112  [16:24:02.572] DirectoryWatcher:: Triggered with /home/benjamin/exercism/javascript/hello-world/node_modules/@types/istanbul-reports/package.json 23:: WatchInfo: /home/benjamin/exercism/javascript/hello-world/node_modules/@types 1 undefined Project: /dev/null/inferredProject1* WatchType: Type roots
Info 113  [16:24:02.572] Elapsed:: 0.0559999942779541ms DirectoryWatcher:: Triggered with /home/benjamin/exercism/javascript/hello-world/node_modules/@types/istanbul-reports/package.json 23:: WatchInfo: /home/benjamin/exercism/javascript/hello-world/node_modules/@types 1 undefined Project: /dev/null/inferredProject1* WatchType: Type roots
Info 114  [16:24:02.572] DirectoryWatcher:: Triggered with /home/benjamin/exercism/javascript/hello-world/node_modules/@types/istanbul-lib-report/package.json.2417700568 24:: WatchInfo: /home/benjamin/exercism/javascript/hello-world/node_modules/@types 1 undefined Project: /dev/null/inferredProject1* WatchType: Type roots
Info 115  [16:24:02.572] Elapsed:: 0.034484028816223145ms DirectoryWatcher:: Triggered with /home/benjamin/exercism/javascript/hello-world/node_modules/@types/istanbul-lib-report/package.json.2417700568 24:: WatchInfo: /home/benjamin/exercism/javascript/hello-world/node_modules/@types 1 undefined Project: /dev/null/inferredProject1* WatchType: Type roots
Info 116  [16:24:02.572] DirectoryWatcher:: Triggered with /home/benjamin/exercism/javascript/hello-world/node_modules/@types/istanbul-lib-report/package.json.2417700568 25:: WatchInfo: /home/benjamin/exercism/javascript/hello-world/node_modules/@types 1 undefined Project: /dev/null/inferredProject1* WatchType: Type roots
Info 117  [16:24:02.572] Elapsed:: 0.03412890434265137ms DirectoryWatcher:: Triggered with /home/benjamin/exercism/javascript/hello-world/node_modules/@types/istanbul-lib-report/package.json.2417700568 25:: WatchInfo: /home/benjamin/exercism/javascript/hello-world/node_modules/@types 1 undefined Project: /dev/null/inferredProject1* WatchType: Type roots
Info 118  [16:24:02.572] DirectoryWatcher:: Triggered with /home/benjamin/exercism/javascript/hello-world/node_modules/@types/istanbul-lib-report/package.json 26:: WatchInfo: /home/benjamin/exercism/javascript/hello-world/node_modules/@types 1 undefined Project: /dev/null/inferredProject1* WatchType: Type roots
Info 119  [16:24:02.572] Elapsed:: 0.05970299243927002ms DirectoryWatcher:: Triggered with /home/benjamin/exercism/javascript/hello-world/node_modules/@types/istanbul-lib-report/package.json 26:: WatchInfo: /home/benjamin/exercism/javascript/hello-world/node_modules/@types 1 undefined Project: /dev/null/inferredProject1* WatchType: Type roots
Info 120  [16:24:02.572] DirectoryWatcher:: Triggered with /home/benjamin/exercism/javascript/hello-world/node_modules/@types/istanbul-lib-coverage/package.json.2391219968 27:: WatchInfo: /home/benjamin/exercism/javascript/hello-world/node_modules/@types 1 undefined Project: /dev/null/inferredProject1* WatchType: Type roots
Info 121  [16:24:02.573] Elapsed:: 0.03481900691986084ms DirectoryWatcher:: Triggered with /home/benjamin/exercism/javascript/hello-world/node_modules/@types/istanbul-lib-coverage/package.json.2391219968 27:: WatchInfo: /home/benjamin/exercism/javascript/hello-world/node_modules/@types 1 undefined Project: /dev/null/inferredProject1* WatchType: Type roots
Info 122  [16:24:02.573] DirectoryWatcher:: Triggered with /home/benjamin/exercism/javascript/hello-world/node_modules/@types/istanbul-lib-coverage/package.json.2391219968 28:: WatchInfo: /home/benjamin/exercism/javascript/hello-world/node_modules/@types 1 undefined Project: /dev/null/inferredProject1* WatchType: Type roots
Info 123  [16:24:02.573] Elapsed:: 0.03392195701599121ms DirectoryWatcher:: Triggered with /home/benjamin/exercism/javascript/hello-world/node_modules/@types/istanbul-lib-coverage/package.json.2391219968 28:: WatchInfo: /home/benjamin/exercism/javascript/hello-world/node_modules/@types 1 undefined Project: /dev/null/inferredProject1* WatchType: Type roots
Info 124  [16:24:02.573] DirectoryWatcher:: Triggered with /home/benjamin/exercism/javascript/hello-world/node_modules/@types/istanbul-lib-coverage/package.json 29:: WatchInfo: /home/benjamin/exercism/javascript/hello-world/node_modules/@types 1 undefined Project: /dev/null/inferredProject1* WatchType: Type roots
Info 125  [16:24:02.573] Elapsed:: 0.0535130500793457ms DirectoryWatcher:: Triggered with /home/benjamin/exercism/javascript/hello-world/node_modules/@types/istanbul-lib-coverage/package.json 29:: WatchInfo: /home/benjamin/exercism/javascript/hello-world/node_modules/@types 1 undefined Project: /dev/null/inferredProject1* WatchType: Type roots
Info 126  [16:24:02.573] DirectoryWatcher:: Triggered with /home/benjamin/exercism/javascript/hello-world/node_modules/@types/yargs/package.json.3611249859 0:: WatchInfo: /home/benjamin/exercism/javascript/hello-world/node_modules 1 undefined WatchType: node_modules for closed script infos and package.jsons affecting module specifier cache
Info 127  [16:24:02.573] Elapsed:: 0.1158590316772461ms DirectoryWatcher:: Triggered with /home/benjamin/exercism/javascript/hello-world/node_modules/@types/yargs/package.json.3611249859 0:: WatchInfo: /home/benjamin/exercism/javascript/hello-world/node_modules 1 undefined WatchType: node_modules for closed script infos and package.jsons affecting module specifier cache
Info 128  [16:24:02.573] DirectoryWatcher:: Triggered with /home/benjamin/exercism/javascript/hello-world/node_modules/@types/yargs/package.json.3611249859 1:: WatchInfo: /home/benjamin/exercism/javascript/hello-world/node_modules 1 undefined WatchType: node_modules for closed script infos and package.jsons affecting module specifier cache
Info 129  [16:24:02.573] Elapsed:: 0.010876059532165527ms DirectoryWatcher:: Triggered with /home/benjamin/exercism/javascript/hello-world/node_modules/@types/yargs/package.json.3611249859 1:: WatchInfo: /home/benjamin/exercism/javascript/hello-world/node_modules 1 undefined WatchType: node_modules for closed script infos and package.jsons affecting module specifier cache
Info 130  [16:24:02.573] DirectoryWatcher:: Triggered with /home/benjamin/exercism/javascript/hello-world/node_modules/@types/yargs/package.json 2:: WatchInfo: /home/benjamin/exercism/javascript/hello-world/node_modules 1 undefined WatchType: node_modules for closed script infos and package.jsons affecting module specifier cache
Info 131  [16:24:02.573] Elapsed:: 0.011258959770202637ms DirectoryWatcher:: Triggered with /home/benjamin/exercism/javascript/hello-world/node_modules/@types/yargs/package.json 2:: WatchInfo: /home/benjamin/exercism/javascript/hello-world/node_modules 1 undefined WatchType: node_modules for closed script infos and package.jsons affecting module specifier cache
Info 132  [16:24:02.573] DirectoryWatcher:: Triggered with /home/benjamin/exercism/javascript/hello-world/node_modules/@types/yargs-parser/package.json.1486099270 3:: WatchInfo: /home/benjamin/exercism/javascript/hello-world/node_modules 1 undefined WatchType: node_modules for closed script infos and package.jsons affecting module specifier cache
Info 133  [16:24:02.573] Elapsed:: 0.011183023452758789ms DirectoryWatcher:: Triggered with /home/benjamin/exercism/javascript/hello-world/node_modules/@types/yargs-parser/package.json.1486099270 3:: WatchInfo: /home/benjamin/exercism/javascript/hello-world/node_modules 1 undefined WatchType: node_modules for closed script infos and package.jsons affecting module specifier cache
Info 134  [16:24:02.573] DirectoryWatcher:: Triggered with /home/benjamin/exercism/javascript/hello-world/node_modules/@types/yargs-parser/package.json.1486099270 4:: WatchInfo: /home/benjamin/exercism/javascript/hello-world/node_modules 1 undefined WatchType: node_modules for closed script infos and package.jsons affecting module specifier cache
Info 135  [16:24:02.573] Elapsed:: 0.009652972221374512ms DirectoryWatcher:: Triggered with /home/benjamin/exercism/javascript/hello-world/node_modules/@types/yargs-parser/package.json.1486099270 4:: WatchInfo: /home/benjamin/exercism/javascript/hello-world/node_modules 1 undefined WatchType: node_modules for closed script infos and package.jsons affecting module specifier cache
Info 136  [16:24:02.573] DirectoryWatcher:: Triggered with /home/benjamin/exercism/javascript/hello-world/node_modules/@types/yargs-parser/package.json 5:: WatchInfo: /home/benjamin/exercism/javascript/hello-world/node_modules 1 undefined WatchType: node_modules for closed script infos and package.jsons affecting module specifier cache
Info 137  [16:24:02.573] Elapsed:: 0.009433984756469727ms DirectoryWatcher:: Triggered with /home/benjamin/exercism/javascript/hello-world/node_modules/@types/yargs-parser/package.json 5:: WatchInfo: /home/benjamin/exercism/javascript/hello-world/node_modules 1 undefined WatchType: node_modules for closed script infos and package.jsons affecting module specifier cache
Info 138  [16:24:02.573] DirectoryWatcher:: Triggered with /home/benjamin/exercism/javascript/hello-world/node_modules/@types/stack-utils/package.json.4215377723 6:: WatchInfo: /home/benjamin/exercism/javascript/hello-world/node_modules 1 undefined WatchType: node_modules for closed script infos and package.jsons affecting module specifier cache
Info 139  [16:24:02.573] Elapsed:: 0.009184002876281738ms DirectoryWatcher:: Triggered with /home/benjamin/exercism/javascript/hello-world/node_modules/@types/stack-utils/package.json.4215377723 6:: WatchInfo: /home/benjamin/exercism/javascript/hello-world/node_modules 1 undefined WatchType: node_modules for closed script infos and package.jsons affecting module specifier cache
Info 140  [16:24:02.573] DirectoryWatcher:: Triggered with /home/benjamin/exercism/javascript/hello-world/node_modules/@types/stack-utils/package.json.4215377723 7:: WatchInfo: /home/benjamin/exercism/javascript/hello-world/node_modules 1 undefined WatchType: node_modules for closed script infos and package.jsons affecting module specifier cache
Info 141  [16:24:02.573] Elapsed:: 0.010299086570739746ms DirectoryWatcher:: Triggered with /home/benjamin/exercism/javascript/hello-world/node_modules/@types/stack-utils/package.json.4215377723 7:: WatchInfo: /home/benjamin/exercism/javascript/hello-world/node_modules 1 undefined WatchType: node_modules for closed script infos and package.jsons affecting module specifier cache
Info 142  [16:24:02.573] DirectoryWatcher:: Triggered with /home/benjamin/exercism/javascript/hello-world/node_modules/@types/stack-utils/package.json 8:: WatchInfo: /home/benjamin/exercism/javascript/hello-world/node_modules 1 undefined WatchType: node_modules for closed script infos and package.jsons affecting module specifier cache
Info 143  [16:24:02.573] Elapsed:: 0.01589488983154297ms DirectoryWatcher:: Triggered with /home/benjamin/exercism/javascript/hello-world/node_modules/@types/stack-utils/package.json 8:: WatchInfo: /home/benjamin/exercism/javascript/hello-world/node_modules 1 undefined WatchType: node_modules for closed script infos and package.jsons affecting module specifier cache
Info 144  [16:24:02.573] DirectoryWatcher:: Triggered with /home/benjamin/exercism/javascript/hello-world/node_modules/@types/prettier/package.json.451463919 9:: WatchInfo: /home/benjamin/exercism/javascript/hello-world/node_modules 1 undefined WatchType: node_modules for closed script infos and package.jsons affecting module specifier cache
Info 145  [16:24:02.573] Elapsed:: 0.010885000228881836ms DirectoryWatcher:: Triggered with /home/benjamin/exercism/javascript/hello-world/node_modules/@types/prettier/package.json.451463919 9:: WatchInfo: /home/benjamin/exercism/javascript/hello-world/node_modules 1 undefined WatchType: node_modules for closed script infos and package.jsons affecting module specifier cache
Info 146  [16:24:02.573] DirectoryWatcher:: Triggered with /home/benjamin/exercism/javascript/hello-world/node_modules/@types/prettier/package.json.451463919 10:: WatchInfo: /home/benjamin/exercism/javascript/hello-world/node_modules 1 undefined WatchType: node_modules for closed script infos and package.jsons affecting module specifier cache
Info 147  [16:24:02.573] Elapsed:: 0.009091973304748535ms DirectoryWatcher:: Triggered with /home/benjamin/exercism/javascript/hello-world/node_modules/@types/prettier/package.json.451463919 10:: WatchInfo: /home/benjamin/exercism/javascript/hello-world/node_modules 1 undefined WatchType: node_modules for closed script infos and package.jsons affecting module specifier cache
Info 148  [16:24:02.573] DirectoryWatcher:: Triggered with /home/benjamin/exercism/javascript/hello-world/node_modules/@types/prettier/package.json 11:: WatchInfo: /home/benjamin/exercism/javascript/hello-world/node_modules 1 undefined WatchType: node_modules for closed script infos and package.jsons affecting module specifier cache
Info 149  [16:24:02.573] Elapsed:: 0.009618043899536133ms DirectoryWatcher:: Triggered with /home/benjamin/exercism/javascript/hello-world/node_modules/@types/prettier/package.json 11:: WatchInfo: /home/benjamin/exercism/javascript/hello-world/node_modules 1 undefined WatchType: node_modules for closed script infos and package.jsons affecting module specifier cache
Info 150  [16:24:02.573] DirectoryWatcher:: Triggered with /home/benjamin/exercism/javascript/hello-world/node_modules/@types/graceful-fs/package.json.201973480 12:: WatchInfo: /home/benjamin/exercism/javascript/hello-world/node_modules 1 undefined WatchType: node_modules for closed script infos and package.jsons affecting module specifier cache
Info 151  [16:24:02.573] Elapsed:: 0.009063005447387695ms DirectoryWatcher:: Triggered with /home/benjamin/exercism/javascript/hello-world/node_modules/@types/graceful-fs/package.json.201973480 12:: WatchInfo: /home/benjamin/exercism/javascript/hello-world/node_modules 1 undefined WatchType: node_modules for closed script infos and package.jsons affecting module specifier cache
Info 152  [16:24:02.574] DirectoryWatcher:: Triggered with /home/benjamin/exercism/javascript/hello-world/node_modules/@types/graceful-fs/package.json.201973480 13:: WatchInfo: /home/benjamin/exercism/javascript/hello-world/node_modules 1 undefined WatchType: node_modules for closed script infos and package.jsons affecting module specifier cache
Info 153  [16:24:02.574] Elapsed:: 0.008743047714233398ms DirectoryWatcher:: Triggered with /home/benjamin/exercism/javascript/hello-world/node_modules/@types/graceful-fs/package.json.201973480 13:: WatchInfo: /home/benjamin/exercism/javascript/hello-world/node_modules 1 undefined WatchType: node_modules for closed script infos and package.jsons affecting module specifier cache
Info 154  [16:24:02.574] DirectoryWatcher:: Triggered with /home/benjamin/exercism/javascript/hello-world/node_modules/@types/graceful-fs/package.json 14:: WatchInfo: /home/benjamin/exercism/javascript/hello-world/node_modules 1 undefined WatchType: node_modules for closed script infos and package.jsons affecting module specifier cache
Info 155  [16:24:02.574] Elapsed:: 0.0098419189453125ms DirectoryWatcher:: Triggered with /home/benjamin/exercism/javascript/hello-world/node_modules/@types/graceful-fs/package.json 14:: WatchInfo: /home/benjamin/exercism/javascript/hello-world/node_modules 1 undefined WatchType: node_modules for closed script infos and package.jsons affecting module specifier cache
Info 156  [16:24:02.574] DirectoryWatcher:: Triggered with /home/benjamin/exercism/javascript/hello-world/node_modules/@types/node/package.json.1914015112 15:: WatchInfo: /home/benjamin/exercism/javascript/hello-world/node_modules 1 undefined WatchType: node_modules for closed script infos and package.jsons affecting module specifier cache
Info 157  [16:24:02.574] Elapsed:: 0.009437918663024902ms DirectoryWatcher:: Triggered with /home/benjamin/exercism/javascript/hello-world/node_modules/@types/node/package.json.1914015112 15:: WatchInfo: /home/benjamin/exercism/javascript/hello-world/node_modules 1 undefined WatchType: node_modules for closed script infos and package.jsons affecting module specifier cache
Info 158  [16:24:02.574] DirectoryWatcher:: Triggered with /home/benjamin/exercism/javascript/hello-world/node_modules/@types/node/package.json.1914015112 16:: WatchInfo: /home/benjamin/exercism/javascript/hello-world/node_modules 1 undefined WatchType: node_modules for closed script infos and package.jsons affecting module specifier cache
Info 159  [16:24:02.574] Elapsed:: 0.009061932563781738ms DirectoryWatcher:: Triggered with /home/benjamin/exercism/javascript/hello-world/node_modules/@types/node/package.json.1914015112 16:: WatchInfo: /home/benjamin/exercism/javascript/hello-world/node_modules 1 undefined WatchType: node_modules for closed script infos and package.jsons affecting module specifier cache
Info 160  [16:24:02.574] DirectoryWatcher:: Triggered with /home/benjamin/exercism/javascript/hello-world/node_modules/@types/node/package.json 17:: WatchInfo: /home/benjamin/exercism/javascript/hello-world/node_modules 1 undefined WatchType: node_modules for closed script infos and package.jsons affecting module specifier cache
Info 161  [16:24:02.574] Elapsed:: 0.00904691219329834ms DirectoryWatcher:: Triggered with /home/benjamin/exercism/javascript/hello-world/node_modules/@types/node/package.json 17:: WatchInfo: /home/benjamin/exercism/javascript/hello-world/node_modules 1 undefined WatchType: node_modules for closed script infos and package.jsons affecting module specifier cache
Info 162  [16:24:02.574] DirectoryWatcher:: Triggered with /home/benjamin/exercism/javascript/hello-world/node_modules/@types/json5/package.json.29557239 18:: WatchInfo: /home/benjamin/exercism/javascript/hello-world/node_modules 1 undefined WatchType: node_modules for closed script infos and package.jsons affecting module specifier cache
Info 163  [16:24:02.574] Elapsed:: 0.00937199592590332ms DirectoryWatcher:: Triggered with /home/benjamin/exercism/javascript/hello-world/node_modules/@types/json5/package.json.29557239 18:: WatchInfo: /home/benjamin/exercism/javascript/hello-world/node_modules 1 undefined WatchType: node_modules for closed script infos and package.jsons affecting module specifier cache
Info 164  [16:24:02.574] DirectoryWatcher:: Triggered with /home/benjamin/exercism/javascript/hello-world/node_modules/@types/json5/package.json.29557239 19:: WatchInfo: /home/benjamin/exercism/javascript/hello-world/node_modules 1 undefined WatchType: node_modules for closed script infos and package.jsons affecting module specifier cache
Info 165  [16:24:02.574] Elapsed:: 0.008962035179138184ms DirectoryWatcher:: Triggered with /home/benjamin/exercism/javascript/hello-world/node_modules/@types/json5/package.json.29557239 19:: WatchInfo: /home/benjamin/exercism/javascript/hello-world/node_modules 1 undefined WatchType: node_modules for closed script infos and package.jsons affecting module specifier cache
Info 166  [16:24:02.574] DirectoryWatcher:: Triggered with /home/benjamin/exercism/javascript/hello-world/node_modules/@types/json5/package.json 20:: WatchInfo: /home/benjamin/exercism/javascript/hello-world/node_modules 1 undefined WatchType: node_modules for closed script infos and package.jsons affecting module specifier cache
Info 167  [16:24:02.574] Elapsed:: 0.009315013885498047ms DirectoryWatcher:: Triggered with /home/benjamin/exercism/javascript/hello-world/node_modules/@types/json5/package.json 20:: WatchInfo: /home/benjamin/exercism/javascript/hello-world/node_modules 1 undefined WatchType: node_modules for closed script infos and package.jsons affecting module specifier cache
Info 168  [16:24:02.574] DirectoryWatcher:: Triggered with /home/benjamin/exercism/javascript/hello-world/node_modules/@types/istanbul-reports/package.json.2018380492 21:: WatchInfo: /home/benjamin/exercism/javascript/hello-world/node_modules 1 undefined WatchType: node_modules for closed script infos and package.jsons affecting module specifier cache
Info 169  [16:24:02.574] Elapsed:: 0.009112954139709473ms DirectoryWatcher:: Triggered with /home/benjamin/exercism/javascript/hello-world/node_modules/@types/istanbul-reports/package.json.2018380492 21:: WatchInfo: /home/benjamin/exercism/javascript/hello-world/node_modules 1 undefined WatchType: node_modules for closed script infos and package.jsons affecting module specifier cache
Info 170  [16:24:02.574] DirectoryWatcher:: Triggered with /home/benjamin/exercism/javascript/hello-world/node_modules/@types/istanbul-reports/package.json.2018380492 22:: WatchInfo: /home/benjamin/exercism/javascript/hello-world/node_modules 1 undefined WatchType: node_modules for closed script infos and package.jsons affecting module specifier cache
Info 171  [16:24:02.574] Elapsed:: 0.008978962898254395ms DirectoryWatcher:: Triggered with /home/benjamin/exercism/javascript/hello-world/node_modules/@types/istanbul-reports/package.json.2018380492 22:: WatchInfo: /home/benjamin/exercism/javascript/hello-world/node_modules 1 undefined WatchType: node_modules for closed script infos and package.jsons affecting module specifier cache
Info 172  [16:24:02.574] DirectoryWatcher:: Triggered with /home/benjamin/exercism/javascript/hello-world/node_modules/@types/istanbul-reports/package.json 23:: WatchInfo: /home/benjamin/exercism/javascript/hello-world/node_modules 1 undefined WatchType: node_modules for closed script infos and package.jsons affecting module specifier cache
Info 173  [16:24:02.574] Elapsed:: 0.009240984916687012ms DirectoryWatcher:: Triggered with /home/benjamin/exercism/javascript/hello-world/node_modules/@types/istanbul-reports/package.json 23:: WatchInfo: /home/benjamin/exercism/javascript/hello-world/node_modules 1 undefined WatchType: node_modules for closed script infos and package.jsons affecting module specifier cache
Info 174  [16:24:02.574] DirectoryWatcher:: Triggered with /home/benjamin/exercism/javascript/hello-world/node_modules/@types/istanbul-lib-report/package.json.2417700568 24:: WatchInfo: /home/benjamin/exercism/javascript/hello-world/node_modules 1 undefined WatchType: node_modules for closed script infos and package.jsons affecting module specifier cache
Info 175  [16:24:02.574] Elapsed:: 0.009099006652832031ms DirectoryWatcher:: Triggered with /home/benjamin/exercism/javascript/hello-world/node_modules/@types/istanbul-lib-report/package.json.2417700568 24:: WatchInfo: /home/benjamin/exercism/javascript/hello-world/node_modules 1 undefined WatchType: node_modules for closed script infos and package.jsons affecting module specifier cache
Info 176  [16:24:02.574] DirectoryWatcher:: Triggered with /home/benjamin/exercism/javascript/hello-world/node_modules/@types/istanbul-lib-report/package.json.2417700568 25:: WatchInfo: /home/benjamin/exercism/javascript/hello-world/node_modules 1 undefined WatchType: node_modules for closed script infos and package.jsons affecting module specifier cache
Info 177  [16:24:02.574] Elapsed:: 0.009654998779296875ms DirectoryWatcher:: Triggered with /home/benjamin/exercism/javascript/hello-world/node_modules/@types/istanbul-lib-report/package.json.2417700568 25:: WatchInfo: /home/benjamin/exercism/javascript/hello-world/node_modules 1 undefined WatchType: node_modules for closed script infos and package.jsons affecting module specifier cache
Info 178  [16:24:02.574] DirectoryWatcher:: Triggered with /home/benjamin/exercism/javascript/hello-world/node_modules/@types/istanbul-lib-report/package.json 26:: WatchInfo: /home/benjamin/exercism/javascript/hello-world/node_modules 1 undefined WatchType: node_modules for closed script infos and package.jsons affecting module specifier cache
Info 179  [16:24:02.574] Elapsed:: 0.009086012840270996ms DirectoryWatcher:: Triggered with /home/benjamin/exercism/javascript/hello-world/node_modules/@types/istanbul-lib-report/package.json 26:: WatchInfo: /home/benjamin/exercism/javascript/hello-world/node_modules 1 undefined WatchType: node_modules for closed script infos and package.jsons affecting module specifier cache
Info 180  [16:24:02.574] DirectoryWatcher:: Triggered with /home/benjamin/exercism/javascript/hello-world/node_modules/@types/istanbul-lib-coverage/package.json.2391219968 27:: WatchInfo: /home/benjamin/exercism/javascript/hello-world/node_modules 1 undefined WatchType: node_modules for closed script infos and package.jsons affecting module specifier cache
Info 181  [16:24:02.574] Elapsed:: 0.00911104679107666ms DirectoryWatcher:: Triggered with /home/benjamin/exercism/javascript/hello-world/node_modules/@types/istanbul-lib-coverage/package.json.2391219968 27:: WatchInfo: /home/benjamin/exercism/javascript/hello-world/node_modules 1 undefined WatchType: node_modules for closed script infos and package.jsons affecting module specifier cache
Info 182  [16:24:02.574] DirectoryWatcher:: Triggered with /home/benjamin/exercism/javascript/hello-world/node_modules/@types/istanbul-lib-coverage/package.json.2391219968 28:: WatchInfo: /home/benjamin/exercism/javascript/hello-world/node_modules 1 undefined WatchType: node_modules for closed script infos and package.jsons affecting module specifier cache
Info 183  [16:24:02.574] Elapsed:: 0.008690953254699707ms DirectoryWatcher:: Triggered with /home/benjamin/exercism/javascript/hello-world/node_modules/@types/istanbul-lib-coverage/package.json.2391219968 28:: WatchInfo: /home/benjamin/exercism/javascript/hello-world/node_modules 1 undefined WatchType: node_modules for closed script infos and package.jsons affecting module specifier cache
Info 184  [16:24:02.574] DirectoryWatcher:: Triggered with /home/benjamin/exercism/javascript/hello-world/node_modules/@types/istanbul-lib-coverage/package.json 29:: WatchInfo: /home/benjamin/exercism/javascript/hello-world/node_modules 1 undefined WatchType: node_modules for closed script infos and package.jsons affecting module specifier cache
Info 185  [16:24:02.574] Elapsed:: 0.008975028991699219ms DirectoryWatcher:: Triggered with /home/benjamin/exercism/javascript/hello-world/node_modules/@types/istanbul-lib-coverage/package.json 29:: WatchInfo: /home/benjamin/exercism/javascript/hello-world/node_modules 1 undefined WatchType: node_modules for closed script infos and package.jsons affecting module specifier cache
Info 186  [16:24:02.574] DirectoryWatcher:: Triggered with /home/benjamin/exercism/javascript/hello-world/node_modules/@ampproject/remapping/package.json.561675304 30:: WatchInfo: /home/benjamin/exercism/javascript/hello-world/node_modules 1 undefined WatchType: node_modules for closed script infos and package.jsons affecting module specifier cache
Info 187  [16:24:02.574] Elapsed:: 0.009442925453186035ms DirectoryWatcher:: Triggered with /home/benjamin/exercism/javascript/hello-world/node_modules/@ampproject/remapping/package.json.561675304 30:: WatchInfo: /home/benjamin/exercism/javascript/hello-world/node_modules 1 undefined WatchType: node_modules for closed script infos and package.jsons affecting module specifier cache
Info 188  [16:24:02.574] DirectoryWatcher:: Triggered with /home/benjamin/exercism/javascript/hello-world/node_modules/@ampproject/remapping/package.json.561675304 31:: WatchInfo: /home/benjamin/exercism/javascript/hello-world/node_modules 1 undefined WatchType: node_modules for closed script infos and package.jsons affecting module specifier cache
Info 189  [16:24:02.574] Elapsed:: 0.010897040367126465ms DirectoryWatcher:: Triggered with /home/benjamin/exercism/javascript/hello-world/node_modules/@ampproject/remapping/package.json.561675304 31:: WatchInfo: /home/benjamin/exercism/javascript/hello-world/node_modules 1 undefined WatchType: node_modules for closed script infos and package.jsons affecting module specifier cache
Info 190  [16:24:02.574] DirectoryWatcher:: Triggered with /home/benjamin/exercism/javascript/hello-world/node_modules/@ampproject/remapping/package.json 32:: WatchInfo: /home/benjamin/exercism/javascript/hello-world/node_modules 1 undefined WatchType: node_modules for closed script infos and package.jsons affecting module specifier cache
Info 191  [16:24:02.574] Elapsed:: 0.012163043022155762ms DirectoryWatcher:: Triggered with /home/benjamin/exercism/javascript/hello-world/node_modules/@ampproject/remapping/package.json 32:: WatchInfo: /home/benjamin/exercism/javascript/hello-world/node_modules 1 undefined WatchType: node_modules for closed script infos and package.jsons affecting module specifier cache
Info 192  [16:24:02.574] DirectoryWatcher:: Triggered with /home/benjamin/exercism/javascript/hello-world/node_modules/@humanwhocodes/object-schema/package.json.1462111089 33:: WatchInfo: /home/benjamin/exercism/javascript/hello-world/node_modules 1 undefined WatchType: node_modules for closed script infos and package.jsons affecting module specifier cache
Info 193  [16:24:02.575] Elapsed:: 0.009341001510620117ms DirectoryWatcher:: Triggered with /home/benjamin/exercism/javascript/hello-world/node_modules/@humanwhocodes/object-schema/package.json.1462111089 33:: WatchInfo: /home/benjamin/exercism/javascript/hello-world/node_modules 1 undefined WatchType: node_modules for closed script infos and package.jsons affecting module specifier cache
Info 194  [16:24:02.575] DirectoryWatcher:: Triggered with /home/benjamin/exercism/javascript/hello-world/node_modules/@humanwhocodes/object-schema/package.json 34:: WatchInfo: /home/benjamin/exercism/javascript/hello-world/node_modules 1 undefined WatchType: node_modules for closed script infos and package.jsons affecting module specifier cache
Info 195  [16:24:02.575] Elapsed:: 0.009307026863098145ms DirectoryWatcher:: Triggered with /home/benjamin/exercism/javascript/hello-world/node_modules/@humanwhocodes/object-schema/package.json 34:: WatchInfo: /home/benjamin/exercism/javascript/hello-world/node_modules 1 undefined WatchType: node_modules for closed script infos and package.jsons affecting module specifier cache
Info 196  [16:24:02.575] DirectoryWatcher:: Triggered with /home/benjamin/exercism/javascript/hello-world/node_modules/@jest/console/node_modules/ansi-styles/package.json.130611203 35:: WatchInfo: /home/benjamin/exercism/javascript/hello-world/node_modules 1 undefined WatchType: node_modules for closed script infos and package.jsons affecting module specifier cache
Info 197  [16:24:02.575] Elapsed:: 0.009106040000915527ms DirectoryWatcher:: Triggered with /home/benjamin/exercism/javascript/hello-world/node_modules/@jest/console/node_modules/ansi-styles/package.json.130611203 35:: WatchInfo: /home/benjamin/exercism/javascript/hello-world/node_modules 1 undefined WatchType: node_modules for closed script infos and package.jsons affecting module specifier cache
Info 198  [16:24:02.575] DirectoryWatcher:: Triggered with /home/benjamin/exercism/javascript/hello-world/node_modules/@jest/console/node_modules/ansi-styles/package.json 36:: WatchInfo: /home/benjamin/exercism/javascript/hello-world/node_modules 1 undefined WatchType: node_modules for closed script infos and package.jsons affecting module specifier cache
Info 199  [16:24:02.575] Elapsed:: 0.010143041610717773ms DirectoryWatcher:: Triggered with /home/benjamin/exercism/javascript/hello-world/node_modules/@jest/console/node_modules/ansi-styles/package.json 36:: WatchInfo: /home/benjamin/exercism/javascript/hello-world/node_modules 1 undefined WatchType: node_modules for closed script infos and package.jsons affecting module specifier cache
Info 200  [16:24:02.575] DirectoryWatcher:: Triggered with /home/benjamin/exercism/javascript/hello-world/node_modules/@jest/console/node_modules/color-convert/package.json.1947862585 37:: WatchInfo: /home/benjamin/exercism/javascript/hello-world/node_modules 1 undefined WatchType: node_modules for closed script infos and package.jsons affecting module specifier cache
Info 201  [16:24:02.575] Elapsed:: 0.00946497917175293ms DirectoryWatcher:: Triggered with /home/benjamin/exercism/javascript/hello-world/node_modules/@jest/console/node_modules/color-convert/package.json.1947862585 37:: WatchInfo: /home/benjamin/exercism/javascript/hello-world/node_modules 1 undefined WatchType: node_modules for closed script infos and package.jsons affecting module specifier cache
Info 202  [16:24:02.575] DirectoryWatcher:: Triggered with /home/benjamin/exercism/javascript/hello-world/node_modules/@jest/console/node_modules/color-convert/package.json 38:: WatchInfo: /home/benjamin/exercism/javascript/hello-world/node_modules 1 undefined WatchType: node_modules for closed script infos and package.jsons affecting module specifier cache
Info 203  [16:24:02.575] Elapsed:: 0.008813023567199707ms DirectoryWatcher:: Triggered with /home/benjamin/exercism/javascript/hello-world/node_modules/@jest/console/node_modules/color-convert/package.json 38:: WatchInfo: /home/benjamin/exercism/javascript/hello-world/node_modules 1 undefined WatchType: node_modules for closed script infos and package.jsons affecting module specifier cache
Info 204  [16:24:02.575] DirectoryWatcher:: Triggered with /home/benjamin/exercism/javascript/hello-world/node_modules/@istanbuljs/load-nyc-config/node_modules/path-exists/package.json.2501810983 39:: WatchInfo: /home/benjamin/exercism/javascript/hello-world/node_modules 1 undefined WatchType: node_modules for closed script infos and package.jsons affecting module specifier cache
Info 205  [16:24:02.575] Elapsed:: 0.009013891220092773ms DirectoryWatcher:: Triggered with /home/benjamin/exercism/javascript/hello-world/node_modules/@istanbuljs/load-nyc-config/node_modules/path-exists/package.json.2501810983 39:: WatchInfo: /home/benjamin/exercism/javascript/hello-world/node_modules 1 undefined WatchType: node_modules for closed script infos and package.jsons affecting module specifier cache
Info 206  [16:24:02.575] DirectoryWatcher:: Triggered with /home/benjamin/exercism/javascript/hello-world/node_modules/@istanbuljs/load-nyc-config/node_modules/path-exists/package.json 40:: WatchInfo: /home/benjamin/exercism/javascript/hello-world/node_modules 1 undefined WatchType: node_modules for closed script infos and package.jsons affecting module specifier cache
Info 207  [16:24:02.575] Elapsed:: 0.009063005447387695ms DirectoryWatcher:: Triggered with /home/benjamin/exercism/javascript/hello-world/node_modules/@istanbuljs/load-nyc-config/node_modules/path-exists/package.json 40:: WatchInfo: /home/benjamin/exercism/javascript/hello-world/node_modules 1 undefined WatchType: node_modules for closed script infos and package.jsons affecting module specifier cache
Info 208  [16:24:02.575] DirectoryWatcher:: Triggered with /home/benjamin/exercism/javascript/hello-world/node_modules/@eslint/eslintrc/node_modules/ignore/package.json.4037688568 41:: WatchInfo: /home/benjamin/exercism/javascript/hello-world/node_modules 1 undefined WatchType: node_modules for closed script infos and package.jsons affecting module specifier cache
Info 209  [16:24:02.575] Elapsed:: 0.009129047393798828ms DirectoryWatcher:: Triggered with /home/benjamin/exercism/javascript/hello-world/node_modules/@eslint/eslintrc/node_modules/ignore/package.json.4037688568 41:: WatchInfo: /home/benjamin/exercism/javascript/hello-world/node_modules 1 undefined WatchType: node_modules for closed script infos and package.jsons affecting module specifier cache
Info 210  [16:24:02.575] DirectoryWatcher:: Triggered with /home/benjamin/exercism/javascript/hello-world/node_modules/@eslint/eslintrc/node_modules/ignore/package.json 42:: WatchInfo: /home/benjamin/exercism/javascript/hello-world/node_modules 1 undefined WatchType: node_modules for closed script infos and package.jsons affecting module specifier cache
Info 211  [16:24:02.575] Elapsed:: 0.009675025939941406ms DirectoryWatcher:: Triggered with /home/benjamin/exercism/javascript/hello-world/node_modules/@eslint/eslintrc/node_modules/ignore/package.json 42:: WatchInfo: /home/benjamin/exercism/javascript/hello-world/node_modules 1 undefined WatchType: node_modules for closed script infos and package.jsons affecting module specifier cache
Info 212  [16:24:02.575] DirectoryWatcher:: Triggered with /home/benjamin/exercism/javascript/hello-world/node_modules/@eslint/eslintrc/node_modules/js-yaml/package.json.1088636799 43:: WatchInfo: /home/benjamin/exercism/javascript/hello-world/node_modules 1 undefined WatchType: node_modules for closed script infos and package.jsons affecting module specifier cache
Info 213  [16:24:02.575] Elapsed:: 0.008980035781860352ms DirectoryWatcher:: Triggered with /home/benjamin/exercism/javascript/hello-world/node_modules/@eslint/eslintrc/node_modules/js-yaml/package.json.1088636799 43:: WatchInfo: /home/benjamin/exercism/javascript/hello-world/node_modules 1 undefined WatchType: node_modules for closed script infos and package.jsons affecting module specifier cache
Info 214  [16:24:02.575] DirectoryWatcher:: Triggered with /home/benjamin/exercism/javascript/hello-world/node_modules/@eslint/eslintrc/node_modules/js-yaml/package.json 44:: WatchInfo: /home/benjamin/exercism/javascript/hello-world/node_modules 1 undefined WatchType: node_modules for closed script infos and package.jsons affecting module specifier cache
Info 215  [16:24:02.575] Elapsed:: 0.008974909782409668ms DirectoryWatcher:: Triggered with /home/benjamin/exercism/javascript/hello-world/node_modules/@eslint/eslintrc/node_modules/js-yaml/package.json 44:: WatchInfo: /home/benjamin/exercism/javascript/hello-world/node_modules 1 undefined WatchType: node_modules for closed script infos and package.jsons affecting module specifier cache
Info 216  [16:24:02.575] DirectoryWatcher:: Triggered with /home/benjamin/exercism/javascript/hello-world/node_modules/@types/yargs/package.json.3611249859 0:: WatchInfo: /home/benjamin/exercism/javascript/hello-world/node_modules 1 undefined Project: /dev/null/inferredProject1* WatchType: Failed Lookup Locations
Info 217  [16:24:02.575] Elapsed:: 0.05208098888397217ms DirectoryWatcher:: Triggered with /home/benjamin/exercism/javascript/hello-world/node_modules/@types/yargs/package.json.3611249859 0:: WatchInfo: /home/benjamin/exercism/javascript/hello-world/node_modules 1 undefined Project: /dev/null/inferredProject1* WatchType: Failed Lookup Locations
Info 218  [16:24:02.575] DirectoryWatcher:: Triggered with /home/benjamin/exercism/javascript/hello-world/node_modules/@types/yargs/package.json.3611249859 1:: WatchInfo: /home/benjamin/exercism/javascript/hello-world/node_modules 1 undefined Project: /dev/null/inferredProject1* WatchType: Failed Lookup Locations
Info 219  [16:24:02.575] Elapsed:: 0.011256098747253418ms DirectoryWatcher:: Triggered with /home/benjamin/exercism/javascript/hello-world/node_modules/@types/yargs/package.json.3611249859 1:: WatchInfo: /home/benjamin/exercism/javascript/hello-world/node_modules 1 undefined Project: /dev/null/inferredProject1* WatchType: Failed Lookup Locations
Info 220  [16:24:02.575] DirectoryWatcher:: Triggered with /home/benjamin/exercism/javascript/hello-world/node_modules/@types/yargs/package.json 2:: WatchInfo: /home/benjamin/exercism/javascript/hello-world/node_modules 1 undefined Project: /dev/null/inferredProject1* WatchType: Failed Lookup Locations
Info 221  [16:24:02.575] Elapsed:: 0.038899898529052734ms DirectoryWatcher:: Triggered with /home/benjamin/exercism/javascript/hello-world/node_modules/@types/yargs/package.json 2:: WatchInfo: /home/benjamin/exercism/javascript/hello-world/node_modules 1 undefined Project: /dev/null/inferredProject1* WatchType: Failed Lookup Locations
Info 222  [16:24:02.575] DirectoryWatcher:: Triggered with /home/benjamin/exercism/javascript/hello-world/node_modules/@types/yargs-parser/package.json.1486099270 3:: WatchInfo: /home/benjamin/exercism/javascript/hello-world/node_modules 1 undefined Project: /dev/null/inferredProject1* WatchType: Failed Lookup Locations
Info 223  [16:24:02.575] Elapsed:: 0.011514902114868164ms DirectoryWatcher:: Triggered with /home/benjamin/exercism/javascript/hello-world/node_modules/@types/yargs-parser/package.json.1486099270 3:: WatchInfo: /home/benjamin/exercism/javascript/hello-world/node_modules 1 undefined Project: /dev/null/inferredProject1* WatchType: Failed Lookup Locations
Info 224  [16:24:02.575] DirectoryWatcher:: Triggered with /home/benjamin/exercism/javascript/hello-world/node_modules/@types/yargs-parser/package.json.1486099270 4:: WatchInfo: /home/benjamin/exercism/javascript/hello-world/node_modules 1 undefined Project: /dev/null/inferredProject1* WatchType: Failed Lookup Locations
Info 225  [16:24:02.575] Elapsed:: 0.010406017303466797ms DirectoryWatcher:: Triggered with /home/benjamin/exercism/javascript/hello-world/node_modules/@types/yargs-parser/package.json.1486099270 4:: WatchInfo: /home/benjamin/exercism/javascript/hello-world/node_modules 1 undefined Project: /dev/null/inferredProject1* WatchType: Failed Lookup Locations
Info 226  [16:24:02.575] DirectoryWatcher:: Triggered with /home/benjamin/exercism/javascript/hello-world/node_modules/@types/yargs-parser/package.json 5:: WatchInfo: /home/benjamin/exercism/javascript/hello-world/node_modules 1 undefined Project: /dev/null/inferredProject1* WatchType: Failed Lookup Locations
Info 227  [16:24:02.575] Elapsed:: 0.03419995307922363ms DirectoryWatcher:: Triggered with /home/benjamin/exercism/javascript/hello-world/node_modules/@types/yargs-parser/package.json 5:: WatchInfo: /home/benjamin/exercism/javascript/hello-world/node_modules 1 undefined Project: /dev/null/inferredProject1* WatchType: Failed Lookup Locations
Info 228  [16:24:02.575] DirectoryWatcher:: Triggered with /home/benjamin/exercism/javascript/hello-world/node_modules/@types/stack-utils/package.json.4215377723 6:: WatchInfo: /home/benjamin/exercism/javascript/hello-world/node_modules 1 undefined Project: /dev/null/inferredProject1* WatchType: Failed Lookup Locations
Info 229  [16:24:02.576] Elapsed:: 0.01101696491241455ms DirectoryWatcher:: Triggered with /home/benjamin/exercism/javascript/hello-world/node_modules/@types/stack-utils/package.json.4215377723 6:: WatchInfo: /home/benjamin/exercism/javascript/hello-world/node_modules 1 undefined Project: /dev/null/inferredProject1* WatchType: Failed Lookup Locations
Info 230  [16:24:02.576] DirectoryWatcher:: Triggered with /home/benjamin/exercism/javascript/hello-world/node_modules/@types/stack-utils/package.json.4215377723 7:: WatchInfo: /home/benjamin/exercism/javascript/hello-world/node_modules 1 undefined Project: /dev/null/inferredProject1* WatchType: Failed Lookup Locations
Info 231  [16:24:02.576] Elapsed:: 0.010313987731933594ms DirectoryWatcher:: Triggered with /home/benjamin/exercism/javascript/hello-world/node_modules/@types/stack-utils/package.json.4215377723 7:: WatchInfo: /home/benjamin/exercism/javascript/hello-world/node_modules 1 undefined Project: /dev/null/inferredProject1* WatchType: Failed Lookup Locations
Info 232  [16:24:02.576] DirectoryWatcher:: Triggered with /home/benjamin/exercism/javascript/hello-world/node_modules/@types/stack-utils/package.json 8:: WatchInfo: /home/benjamin/exercism/javascript/hello-world/node_modules 1 undefined Project: /dev/null/inferredProject1* WatchType: Failed Lookup Locations
Info 233  [16:24:02.576] Elapsed:: 0.03693199157714844ms DirectoryWatcher:: Triggered with /home/benjamin/exercism/javascript/hello-world/node_modules/@types/stack-utils/package.json 8:: WatchInfo: /home/benjamin/exercism/javascript/hello-world/node_modules 1 undefined Project: /dev/null/inferredProject1* WatchType: Failed Lookup Locations
Info 234  [16:24:02.576] DirectoryWatcher:: Triggered with /home/benjamin/exercism/javascript/hello-world/node_modules/@types/prettier/package.json.451463919 9:: WatchInfo: /home/benjamin/exercism/javascript/hello-world/node_modules 1 undefined Project: /dev/null/inferredProject1* WatchType: Failed Lookup Locations
Info 235  [16:24:02.576] Elapsed:: 0.021046996116638184ms DirectoryWatcher:: Triggered with /home/benjamin/exercism/javascript/hello-world/node_modules/@types/prettier/package.json.451463919 9:: WatchInfo: /home/benjamin/exercism/javascript/hello-world/node_modules 1 undefined Project: /dev/null/inferredProject1* WatchType: Failed Lookup Locations
Info 236  [16:24:02.576] DirectoryWatcher:: Triggered with /home/benjamin/exercism/javascript/hello-world/node_modules/@types/prettier/package.json.451463919 10:: WatchInfo: /home/benjamin/exercism/javascript/hello-world/node_modules 1 undefined Project: /dev/null/inferredProject1* WatchType: Failed Lookup Locations
Info 237  [16:24:02.576] Elapsed:: 0.010483026504516602ms DirectoryWatcher:: Triggered with /home/benjamin/exercism/javascript/hello-world/node_modules/@types/prettier/package.json.451463919 10:: WatchInfo: /home/benjamin/exercism/javascript/hello-world/node_modules 1 undefined Project: /dev/null/inferredProject1* WatchType: Failed Lookup Locations
Info 238  [16:24:02.576] DirectoryWatcher:: Triggered with /home/benjamin/exercism/javascript/hello-world/node_modules/@types/prettier/package.json 11:: WatchInfo: /home/benjamin/exercism/javascript/hello-world/node_modules 1 undefined Project: /dev/null/inferredProject1* WatchType: Failed Lookup Locations
Info 239  [16:24:02.576] Elapsed:: 0.031513094902038574ms DirectoryWatcher:: Triggered with /home/benjamin/exercism/javascript/hello-world/node_modules/@types/prettier/package.json 11:: WatchInfo: /home/benjamin/exercism/javascript/hello-world/node_modules 1 undefined Project: /dev/null/inferredProject1* WatchType: Failed Lookup Locations
Info 240  [16:24:02.576] DirectoryWatcher:: Triggered with /home/benjamin/exercism/javascript/hello-world/node_modules/@types/graceful-fs/package.json.201973480 12:: WatchInfo: /home/benjamin/exercism/javascript/hello-world/node_modules 1 undefined Project: /dev/null/inferredProject1* WatchType: Failed Lookup Locations
Info 241  [16:24:02.576] Elapsed:: 0.013801097869873047ms DirectoryWatcher:: Triggered with /home/benjamin/exercism/javascript/hello-world/node_modules/@types/graceful-fs/package.json.201973480 12:: WatchInfo: /home/benjamin/exercism/javascript/hello-world/node_modules 1 undefined Project: /dev/null/inferredProject1* WatchType: Failed Lookup Locations
Info 242  [16:24:02.576] DirectoryWatcher:: Triggered with /home/benjamin/exercism/javascript/hello-world/node_modules/@types/graceful-fs/package.json.201973480 13:: WatchInfo: /home/benjamin/exercism/javascript/hello-world/node_modules 1 undefined Project: /dev/null/inferredProject1* WatchType: Failed Lookup Locations
Info 243  [16:24:02.576] Elapsed:: 0.010190010070800781ms DirectoryWatcher:: Triggered with /home/benjamin/exercism/javascript/hello-world/node_modules/@types/graceful-fs/package.json.201973480 13:: WatchInfo: /home/benjamin/exercism/javascript/hello-world/node_modules 1 undefined Project: /dev/null/inferredProject1* WatchType: Failed Lookup Locations
Info 244  [16:24:02.576] DirectoryWatcher:: Triggered with /home/benjamin/exercism/javascript/hello-world/node_modules/@types/graceful-fs/package.json 14:: WatchInfo: /home/benjamin/exercism/javascript/hello-world/node_modules 1 undefined Project: /dev/null/inferredProject1* WatchType: Failed Lookup Locations
Info 245  [16:24:02.576] Elapsed:: 0.03070998191833496ms DirectoryWatcher:: Triggered with /home/benjamin/exercism/javascript/hello-world/node_modules/@types/graceful-fs/package.json 14:: WatchInfo: /home/benjamin/exercism/javascript/hello-world/node_modules 1 undefined Project: /dev/null/inferredProject1* WatchType: Failed Lookup Locations
Info 246  [16:24:02.576] DirectoryWatcher:: Triggered with /home/benjamin/exercism/javascript/hello-world/node_modules/@types/node/package.json.1914015112 15:: WatchInfo: /home/benjamin/exercism/javascript/hello-world/node_modules 1 undefined Project: /dev/null/inferredProject1* WatchType: Failed Lookup Locations
Info 247  [16:24:02.576] Elapsed:: 0.010734915733337402ms DirectoryWatcher:: Triggered with /home/benjamin/exercism/javascript/hello-world/node_modules/@types/node/package.json.1914015112 15:: WatchInfo: /home/benjamin/exercism/javascript/hello-world/node_modules 1 undefined Project: /dev/null/inferredProject1* WatchType: Failed Lookup Locations
Info 248  [16:24:02.576] DirectoryWatcher:: Triggered with /home/benjamin/exercism/javascript/hello-world/node_modules/@types/node/package.json.1914015112 16:: WatchInfo: /home/benjamin/exercism/javascript/hello-world/node_modules 1 undefined Project: /dev/null/inferredProject1* WatchType: Failed Lookup Locations
Info 249  [16:24:02.576] Elapsed:: 0.010151028633117676ms DirectoryWatcher:: Triggered with /home/benjamin/exercism/javascript/hello-world/node_modules/@types/node/package.json.1914015112 16:: WatchInfo: /home/benjamin/exercism/javascript/hello-world/node_modules 1 undefined Project: /dev/null/inferredProject1* WatchType: Failed Lookup Locations
Info 250  [16:24:02.576] DirectoryWatcher:: Triggered with /home/benjamin/exercism/javascript/hello-world/node_modules/@types/node/package.json 17:: WatchInfo: /home/benjamin/exercism/javascript/hello-world/node_modules 1 undefined Project: /dev/null/inferredProject1* WatchType: Failed Lookup Locations
Info 251  [16:24:02.576] Elapsed:: 0.029417991638183594ms DirectoryWatcher:: Triggered with /home/benjamin/exercism/javascript/hello-world/node_modules/@types/node/package.json 17:: WatchInfo: /home/benjamin/exercism/javascript/hello-world/node_modules 1 undefined Project: /dev/null/inferredProject1* WatchType: Failed Lookup Locations
Info 252  [16:24:02.576] DirectoryWatcher:: Triggered with /home/benjamin/exercism/javascript/hello-world/node_modules/@types/json5/package.json.29557239 18:: WatchInfo: /home/benjamin/exercism/javascript/hello-world/node_modules 1 undefined Project: /dev/null/inferredProject1* WatchType: Failed Lookup Locations
Info 253  [16:24:02.576] Elapsed:: 0.010655999183654785ms DirectoryWatcher:: Triggered with /home/benjamin/exercism/javascript/hello-world/node_modules/@types/json5/package.json.29557239 18:: WatchInfo: /home/benjamin/exercism/javascript/hello-world/node_modules 1 undefined Project: /dev/null/inferredProject1* WatchType: Failed Lookup Locations
Info 254  [16:24:02.576] DirectoryWatcher:: Triggered with /home/benjamin/exercism/javascript/hello-world/node_modules/@types/json5/package.json.29557239 19:: WatchInfo: /home/benjamin/exercism/javascript/hello-world/node_modules 1 undefined Project: /dev/null/inferredProject1* WatchType: Failed Lookup Locations
Info 255  [16:24:02.576] Elapsed:: 0.010012030601501465ms DirectoryWatcher:: Triggered with /home/benjamin/exercism/javascript/hello-world/node_modules/@types/json5/package.json.29557239 19:: WatchInfo: /home/benjamin/exercism/javascript/hello-world/node_modules 1 undefined Project: /dev/null/inferredProject1* WatchType: Failed Lookup Locations
Info 256  [16:24:02.576] DirectoryWatcher:: Triggered with /home/benjamin/exercism/javascript/hello-world/node_modules/@types/json5/package.json 20:: WatchInfo: /home/benjamin/exercism/javascript/hello-world/node_modules 1 undefined Project: /dev/null/inferredProject1* WatchType: Failed Lookup Locations
Info 257  [16:24:02.576] Elapsed:: 0.03011906147003174ms DirectoryWatcher:: Triggered with /home/benjamin/exercism/javascript/hello-world/node_modules/@types/json5/package.json 20:: WatchInfo: /home/benjamin/exercism/javascript/hello-world/node_modules 1 undefined Project: /dev/null/inferredProject1* WatchType: Failed Lookup Locations
Info 258  [16:24:02.576] DirectoryWatcher:: Triggered with /home/benjamin/exercism/javascript/hello-world/node_modules/@types/istanbul-reports/package.json.2018380492 21:: WatchInfo: /home/benjamin/exercism/javascript/hello-world/node_modules 1 undefined Project: /dev/null/inferredProject1* WatchType: Failed Lookup Locations
Info 259  [16:24:02.576] Elapsed:: 0.013386011123657227ms DirectoryWatcher:: Triggered with /home/benjamin/exercism/javascript/hello-world/node_modules/@types/istanbul-reports/package.json.2018380492 21:: WatchInfo: /home/benjamin/exercism/javascript/hello-world/node_modules 1 undefined Project: /dev/null/inferredProject1* WatchType: Failed Lookup Locations
Info 260  [16:24:02.576] DirectoryWatcher:: Triggered with /home/benjamin/exercism/javascript/hello-world/node_modules/@types/istanbul-reports/package.json.2018380492 22:: WatchInfo: /home/benjamin/exercism/javascript/hello-world/node_modules 1 undefined Project: /dev/null/inferredProject1* WatchType: Failed Lookup Locations
Info 261  [16:24:02.576] Elapsed:: 0.009833931922912598ms DirectoryWatcher:: Triggered with /home/benjamin/exercism/javascript/hello-world/node_modules/@types/istanbul-reports/package.json.2018380492 22:: WatchInfo: /home/benjamin/exercism/javascript/hello-world/node_modules 1 undefined Project: /dev/null/inferredProject1* WatchType: Failed Lookup Locations
Info 262  [16:24:02.576] DirectoryWatcher:: Triggered with /home/benjamin/exercism/javascript/hello-world/node_modules/@types/istanbul-reports/package.json 23:: WatchInfo: /home/benjamin/exercism/javascript/hello-world/node_modules 1 undefined Project: /dev/null/inferredProject1* WatchType: Failed Lookup Locations
Info 263  [16:24:02.577] Elapsed:: 0.028979063034057617ms DirectoryWatcher:: Triggered with /home/benjamin/exercism/javascript/hello-world/node_modules/@types/istanbul-reports/package.json 23:: WatchInfo: /home/benjamin/exercism/javascript/hello-world/node_modules 1 undefined Project: /dev/null/inferredProject1* WatchType: Failed Lookup Locations
Info 264  [16:24:02.577] DirectoryWatcher:: Triggered with /home/benjamin/exercism/javascript/hello-world/node_modules/@types/istanbul-lib-report/package.json.2417700568 24:: WatchInfo: /home/benjamin/exercism/javascript/hello-world/node_modules 1 undefined Project: /dev/null/inferredProject1* WatchType: Failed Lookup Locations
Info 265  [16:24:02.577] Elapsed:: 0.010128974914550781ms DirectoryWatcher:: Triggered with /home/benjamin/exercism/javascript/hello-world/node_modules/@types/istanbul-lib-report/package.json.2417700568 24:: WatchInfo: /home/benjamin/exercism/javascript/hello-world/node_modules 1 undefined Project: /dev/null/inferredProject1* WatchType: Failed Lookup Locations
Info 266  [16:24:02.577] DirectoryWatcher:: Triggered with /home/benjamin/exercism/javascript/hello-world/node_modules/@types/istanbul-lib-report/package.json.2417700568 25:: WatchInfo: /home/benjamin/exercism/javascript/hello-world/node_modules 1 undefined Project: /dev/null/inferredProject1* WatchType: Failed Lookup Locations
Info 267  [16:24:02.577] Elapsed:: 0.009552955627441406ms DirectoryWatcher:: Triggered with /home/benjamin/exercism/javascript/hello-world/node_modules/@types/istanbul-lib-report/package.json.2417700568 25:: WatchInfo: /home/benjamin/exercism/javascript/hello-world/node_modules 1 undefined Project: /dev/null/inferredProject1* WatchType: Failed Lookup Locations
Info 268  [16:24:02.577] DirectoryWatcher:: Triggered with /home/benjamin/exercism/javascript/hello-world/node_modules/@types/istanbul-lib-report/package.json 26:: WatchInfo: /home/benjamin/exercism/javascript/hello-world/node_modules 1 undefined Project: /dev/null/inferredProject1* WatchType: Failed Lookup Locations
Info 269  [16:24:02.577] Elapsed:: 0.02965700626373291ms DirectoryWatcher:: Triggered with /home/benjamin/exercism/javascript/hello-world/node_modules/@types/istanbul-lib-report/package.json 26:: WatchInfo: /home/benjamin/exercism/javascript/hello-world/node_modules 1 undefined Project: /dev/null/inferredProject1* WatchType: Failed Lookup Locations
Info 270  [16:24:02.577] DirectoryWatcher:: Triggered with /home/benjamin/exercism/javascript/hello-world/node_modules/@types/istanbul-lib-coverage/package.json.2391219968 27:: WatchInfo: /home/benjamin/exercism/javascript/hello-world/node_modules 1 undefined Project: /dev/null/inferredProject1* WatchType: Failed Lookup Locations
Info 271  [16:24:02.577] Elapsed:: 0.010423064231872559ms DirectoryWatcher:: Triggered with /home/benjamin/exercism/javascript/hello-world/node_modules/@types/istanbul-lib-coverage/package.json.2391219968 27:: WatchInfo: /home/benjamin/exercism/javascript/hello-world/node_modules 1 undefined Project: /dev/null/inferredProject1* WatchType: Failed Lookup Locations
Info 272  [16:24:02.577] DirectoryWatcher:: Triggered with /home/benjamin/exercism/javascript/hello-world/node_modules/@types/istanbul-lib-coverage/package.json.2391219968 28:: WatchInfo: /home/benjamin/exercism/javascript/hello-world/node_modules 1 undefined Project: /dev/null/inferredProject1* WatchType: Failed Lookup Locations
Info 273  [16:24:02.577] Elapsed:: 0.009539961814880371ms DirectoryWatcher:: Triggered with /home/benjamin/exercism/javascript/hello-world/node_modules/@types/istanbul-lib-coverage/package.json.2391219968 28:: WatchInfo: /home/benjamin/exercism/javascript/hello-world/node_modules 1 undefined Project: /dev/null/inferredProject1* WatchType: Failed Lookup Locations
Info 274  [16:24:02.577] DirectoryWatcher:: Triggered with /home/benjamin/exercism/javascript/hello-world/node_modules/@types/istanbul-lib-coverage/package.json 29:: WatchInfo: /home/benjamin/exercism/javascript/hello-world/node_modules 1 undefined Project: /dev/null/inferredProject1* WatchType: Failed Lookup Locations
Info 275  [16:24:02.577] Elapsed:: 0.028638005256652832ms DirectoryWatcher:: Triggered with /home/benjamin/exercism/javascript/hello-world/node_modules/@types/istanbul-lib-coverage/package.json 29:: WatchInfo: /home/benjamin/exercism/javascript/hello-world/node_modules 1 undefined Project: /dev/null/inferredProject1* WatchType: Failed Lookup Locations
Info 276  [16:24:02.577] DirectoryWatcher:: Triggered with /home/benjamin/exercism/javascript/hello-world/node_modules/@ampproject/remapping/package.json.561675304 30:: WatchInfo: /home/benjamin/exercism/javascript/hello-world/node_modules 1 undefined Project: /dev/null/inferredProject1* WatchType: Failed Lookup Locations
Info 277  [16:24:02.577] Elapsed:: 0.010255932807922363ms DirectoryWatcher:: Triggered with /home/benjamin/exercism/javascript/hello-world/node_modules/@ampproject/remapping/package.json.561675304 30:: WatchInfo: /home/benjamin/exercism/javascript/hello-world/node_modules 1 undefined Project: /dev/null/inferredProject1* WatchType: Failed Lookup Locations
Info 278  [16:24:02.577] DirectoryWatcher:: Triggered with /home/benjamin/exercism/javascript/hello-world/node_modules/@ampproject/remapping/package.json.561675304 31:: WatchInfo: /home/benjamin/exercism/javascript/hello-world/node_modules 1 undefined Project: /dev/null/inferredProject1* WatchType: Failed Lookup Locations
Info 279  [16:24:02.577] Elapsed:: 0.009633064270019531ms DirectoryWatcher:: Triggered with /home/benjamin/exercism/javascript/hello-world/node_modules/@ampproject/remapping/package.json.561675304 31:: WatchInfo: /home/benjamin/exercism/javascript/hello-world/node_modules 1 undefined Project: /dev/null/inferredProject1* WatchType: Failed Lookup Locations
Info 280  [16:24:02.577] DirectoryWatcher:: Triggered with /home/benjamin/exercism/javascript/hello-world/node_modules/@ampproject/remapping/package.json 32:: WatchInfo: /home/benjamin/exercism/javascript/hello-world/node_modules 1 undefined Project: /dev/null/inferredProject1* WatchType: Failed Lookup Locations
Info 281  [16:24:02.577] Elapsed:: 0.028573036193847656ms DirectoryWatcher:: Triggered with /home/benjamin/exercism/javascript/hello-world/node_modules/@ampproject/remapping/package.json 32:: WatchInfo: /home/benjamin/exercism/javascript/hello-world/node_modules 1 undefined Project: /dev/null/inferredProject1* WatchType: Failed Lookup Locations
Info 282  [16:24:02.577] DirectoryWatcher:: Triggered with /home/benjamin/exercism/javascript/hello-world/node_modules/@humanwhocodes/object-schema/package.json.1462111089 33:: WatchInfo: /home/benjamin/exercism/javascript/hello-world/node_modules 1 undefined Project: /dev/null/inferredProject1* WatchType: Failed Lookup Locations
Info 283  [16:24:02.577] Elapsed:: 0.010177016258239746ms DirectoryWatcher:: Triggered with /home/benjamin/exercism/javascript/hello-world/node_modules/@humanwhocodes/object-schema/package.json.1462111089 33:: WatchInfo: /home/benjamin/exercism/javascript/hello-world/node_modules 1 undefined Project: /dev/null/inferredProject1* WatchType: Failed Lookup Locations
Info 284  [16:24:02.577] DirectoryWatcher:: Triggered with /home/benjamin/exercism/javascript/hello-world/node_modules/@humanwhocodes/object-schema/package.json 34:: WatchInfo: /home/benjamin/exercism/javascript/hello-world/node_modules 1 undefined Project: /dev/null/inferredProject1* WatchType: Failed Lookup Locations
Info 285  [16:24:02.577] Elapsed:: 0.028416991233825684ms DirectoryWatcher:: Triggered with /home/benjamin/exercism/javascript/hello-world/node_modules/@humanwhocodes/object-schema/package.json 34:: WatchInfo: /home/benjamin/exercism/javascript/hello-world/node_modules 1 undefined Project: /dev/null/inferredProject1* WatchType: Failed Lookup Locations
Info 286  [16:24:02.577] DirectoryWatcher:: Triggered with /home/benjamin/exercism/javascript/hello-world/node_modules/@jest/console/node_modules/ansi-styles/package.json.130611203 35:: WatchInfo: /home/benjamin/exercism/javascript/hello-world/node_modules 1 undefined Project: /dev/null/inferredProject1* WatchType: Failed Lookup Locations
Info 287  [16:24:02.577] Elapsed:: 0.010190010070800781ms DirectoryWatcher:: Triggered with /home/benjamin/exercism/javascript/hello-world/node_modules/@jest/console/node_modules/ansi-styles/package.json.130611203 35:: WatchInfo: /home/benjamin/exercism/javascript/hello-world/node_modules 1 undefined Project: /dev/null/inferredProject1* WatchType: Failed Lookup Locations
Info 288  [16:24:02.577] DirectoryWatcher:: Triggered with /home/benjamin/exercism/javascript/hello-world/node_modules/@jest/console/node_modules/ansi-styles/package.json 36:: WatchInfo: /home/benjamin/exercism/javascript/hello-world/node_modules 1 undefined Project: /dev/null/inferredProject1* WatchType: Failed Lookup Locations
Info 289  [16:24:02.577] Elapsed:: 0.029095053672790527ms DirectoryWatcher:: Triggered with /home/benjamin/exercism/javascript/hello-world/node_modules/@jest/console/node_modules/ansi-styles/package.json 36:: WatchInfo: /home/benjamin/exercism/javascript/hello-world/node_modules 1 undefined Project: /dev/null/inferredProject1* WatchType: Failed Lookup Locations
Info 290  [16:24:02.577] DirectoryWatcher:: Triggered with /home/benjamin/exercism/javascript/hello-world/node_modules/@jest/console/node_modules/color-convert/package.json.1947862585 37:: WatchInfo: /home/benjamin/exercism/javascript/hello-world/node_modules 1 undefined Project: /dev/null/inferredProject1* WatchType: Failed Lookup Locations
Info 291  [16:24:02.577] Elapsed:: 0.010330915451049805ms DirectoryWatcher:: Triggered with /home/benjamin/exercism/javascript/hello-world/node_modules/@jest/console/node_modules/color-convert/package.json.1947862585 37:: WatchInfo: /home/benjamin/exercism/javascript/hello-world/node_modules 1 undefined Project: /dev/null/inferredProject1* WatchType: Failed Lookup Locations
Info 292  [16:24:02.577] DirectoryWatcher:: Triggered with /home/benjamin/exercism/javascript/hello-world/node_modules/@jest/console/node_modules/color-convert/package.json 38:: WatchInfo: /home/benjamin/exercism/javascript/hello-world/node_modules 1 undefined Project: /dev/null/inferredProject1* WatchType: Failed Lookup Locations
Info 293  [16:24:02.577] Elapsed:: 0.02809000015258789ms DirectoryWatcher:: Triggered with /home/benjamin/exercism/javascript/hello-world/node_modules/@jest/console/node_modules/color-convert/package.json 38:: WatchInfo: /home/benjamin/exercism/javascript/hello-world/node_modules 1 undefined Project: /dev/null/inferredProject1* WatchType: Failed Lookup Locations
Info 294  [16:24:02.577] DirectoryWatcher:: Triggered with /home/benjamin/exercism/javascript/hello-world/node_modules/@istanbuljs/load-nyc-config/node_modules/path-exists/package.json.2501810983 39:: WatchInfo: /home/benjamin/exercism/javascript/hello-world/node_modules 1 undefined Project: /dev/null/inferredProject1* WatchType: Failed Lookup Locations
Info 295  [16:24:02.577] Elapsed:: 0.010467052459716797ms DirectoryWatcher:: Triggered with /home/benjamin/exercism/javascript/hello-world/node_modules/@istanbuljs/load-nyc-config/node_modules/path-exists/package.json.2501810983 39:: WatchInfo: /home/benjamin/exercism/javascript/hello-world/node_modules 1 undefined Project: /dev/null/inferredProject1* WatchType: Failed Lookup Locations
Info 296  [16:24:02.577] DirectoryWatcher:: Triggered with /home/benjamin/exercism/javascript/hello-world/node_modules/@istanbuljs/load-nyc-config/node_modules/path-exists/package.json 40:: WatchInfo: /home/benjamin/exercism/javascript/hello-world/node_modules 1 undefined Project: /dev/null/inferredProject1* WatchType: Failed Lookup Locations
Info 297  [16:24:02.578] Elapsed:: 0.02850198745727539ms DirectoryWatcher:: Triggered with /home/benjamin/exercism/javascript/hello-world/node_modules/@istanbuljs/load-nyc-config/node_modules/path-exists/package.json 40:: WatchInfo: /home/benjamin/exercism/javascript/hello-world/node_modules 1 undefined Project: /dev/null/inferredProject1* WatchType: Failed Lookup Locations
Info 298  [16:24:02.578] DirectoryWatcher:: Triggered with /home/benjamin/exercism/javascript/hello-world/node_modules/@eslint/eslintrc/node_modules/ignore/package.json.4037688568 41:: WatchInfo: /home/benjamin/exercism/javascript/hello-world/node_modules 1 undefined Project: /dev/null/inferredProject1* WatchType: Failed Lookup Locations
Info 299  [16:24:02.578] Elapsed:: 0.010160088539123535ms DirectoryWatcher:: Triggered with /home/benjamin/exercism/javascript/hello-world/node_modules/@eslint/eslintrc/node_modules/ignore/package.json.4037688568 41:: WatchInfo: /home/benjamin/exercism/javascript/hello-world/node_modules 1 undefined Project: /dev/null/inferredProject1* WatchType: Failed Lookup Locations
Info 300  [16:24:02.578] DirectoryWatcher:: Triggered with /home/benjamin/exercism/javascript/hello-world/node_modules/@eslint/eslintrc/node_modules/ignore/package.json 42:: WatchInfo: /home/benjamin/exercism/javascript/hello-world/node_modules 1 undefined Project: /dev/null/inferredProject1* WatchType: Failed Lookup Locations
Info 301  [16:24:02.578] Elapsed:: 0.028390884399414062ms DirectoryWatcher:: Triggered with /home/benjamin/exercism/javascript/hello-world/node_modules/@eslint/eslintrc/node_modules/ignore/package.json 42:: WatchInfo: /home/benjamin/exercism/javascript/hello-world/node_modules 1 undefined Project: /dev/null/inferredProject1* WatchType: Failed Lookup Locations
Info 302  [16:24:02.578] DirectoryWatcher:: Triggered with /home/benjamin/exercism/javascript/hello-world/node_modules/@eslint/eslintrc/node_modules/js-yaml/package.json.1088636799 43:: WatchInfo: /home/benjamin/exercism/javascript/hello-world/node_modules 1 undefined Project: /dev/null/inferredProject1* WatchType: Failed Lookup Locations
Info 303  [16:24:02.578] Elapsed:: 0.01031196117401123ms DirectoryWatcher:: Triggered with /home/benjamin/exercism/javascript/hello-world/node_modules/@eslint/eslintrc/node_modules/js-yaml/package.json.1088636799 43:: WatchInfo: /home/benjamin/exercism/javascript/hello-world/node_modules 1 undefined Project: /dev/null/inferredProject1* WatchType: Failed Lookup Locations
Info 304  [16:24:02.578] DirectoryWatcher:: Triggered with /home/benjamin/exercism/javascript/hello-world/node_modules/@eslint/eslintrc/node_modules/js-yaml/package.json 44:: WatchInfo: /home/benjamin/exercism/javascript/hello-world/node_modules 1 undefined Project: /dev/null/inferredProject1* WatchType: Failed Lookup Locations
Info 305  [16:24:02.578] Elapsed:: 0.029362082481384277ms DirectoryWatcher:: Triggered with /home/benjamin/exercism/javascript/hello-world/node_modules/@eslint/eslintrc/node_modules/js-yaml/package.json 44:: WatchInfo: /home/benjamin/exercism/javascript/hello-world/node_modules 1 undefined Project: /dev/null/inferredProject1* WatchType: Failed Lookup Locations
Info 306  [16:24:02.832] Starting updateGraphWorker: Project: /dev/null/inferredProject1*
Info 307  [16:24:02.971] Finishing updateGraphWorker: Project: /dev/null/inferredProject1* Version: 15 structureChanged: true structureIsReused:: SafeModules Elapsed: 138.93637907505035ms
Info 308  [16:24:02.971] Different program with same set of files
Info 309  [16:24:05.332] Before ensureProjectForOpenFiles:
Info 310  [16:24:05.332] After ensureProjectForOpenFiles:
Info 311  [16:24:05.333] got projects updated in background, updating diagnostics for /home/benjamin/exercism/javascript/hello-world/hello-world.js
